0 info it worked if it ends with ok
1 verbose cli [ '/usr/local/node/bin/node',
1 verbose cli   '/usr/local/node/bin/npm',
1 verbose cli   'run',
1 verbose cli   'mongo' ]
2 info using npm@1.3.24
3 info using node@v0.10.25
4 verbose run-script [ 'premongo', 'mongo', 'postmongo' ]
5 info premongo application-name@0.0.1
6 info mongo application-name@0.0.1
7 verbose unsafe-perm in lifecycle true
8 info application-name@0.0.1 Failed to exec mongo script
9 error application-name@0.0.1 mongo: `~/ mongod --config download/config-files/mongodb.conf`
9 error Exit status 126
10 error Failed at the application-name@0.0.1 mongo script.
10 error This is most likely a problem with the application-name package,
10 error not with npm itself.
10 error Tell the author that this fails on your system:
10 error     ~/ mongod --config download/config-files/mongodb.conf
10 error You can get their info via:
10 error     npm owner ls application-name
10 error There is likely additional logging output above.
11 error System Linux 3.11.0-12-generic
12 error command "/usr/local/node/bin/node" "/usr/local/node/bin/npm" "run" "mongo"
13 error cwd /data/code/projects/barter-project
14 error node -v v0.10.25
15 error npm -v 1.3.24
16 error code ELIFECYCLE
17 verbose exit [ 1, true ]
